----------------------------------------------------------------------------------------------------
------------------------------------ MegaLinter, by OX Security ------------------------------------
----------------------------------------------------------------------------------------------------
 - Image Creation Date: 2025-06-15T16:20:51Z
 - Image Revision: e08c2b05e3dbc40af4c23f41172ef1e068a7d651
 - Image Version: v8.8.0
----------------------------------------------------------------------------------------------------
The MegaLinter documentation can be found at:
 - https://megalinter.io/8.8.0
----------------------------------------------------------------------------------------------------
::group::MegaLinter initialization (expand for details)
MegaLinter will analyze workspace [/github/workspace]
GITHUB_REPOSITORY: tkhom3/gha-workflows
GITHUB_REF: refs/pull/51/merge
GITHUB_RUN_ID: 16552636628


[Activation] ANSIBLE_ANSIBLE_LINT has been set inactive, as none of these files has been found: ['.ansible-lint', '.ansible-lint.yml', '.ansible-lint.yaml', '.config/ansible-lint.yml', '.config/ansible-lint.yaml']
[Activation] EDITORCONFIG_EDITORCONFIG_CHECKER has been set inactive, as none of these files has been found: ['.editorconfig']
[Activation] JAVASCRIPT_ES has been set inactive, as none of these files has been found: ['.eslintrc.json', '.eslintrc.yml', '.eslintrc.yaml', '.eslintrc.js', '.eslintrc.cjs', 'package.json:eslintConfig']
[Activation] JSON_NPM_PACKAGE_JSON_LINT has been set inactive, as none of these files has been found: ['package.json']
[Activation] JSX_ESLINT has been set inactive, as none of these files has been found: ['eslint.config.js', 'eslint.config.mjs', 'eslint.config.cjs', '.eslintrc.json', '.eslintrc.yml', '.eslintrc.yaml', '.eslintrc.js', '.eslintrc.cjs', 'package.json:eslintConfig']
[Activation] KUBERNETES_KUBECONFORM has been set inactive, as subdirectory has not been found: kubernetes (set value "any" to always activate)
[Activation] KUBERNETES_HELM has been set inactive, as none of these files has been found: ['Chart.yml', 'Chart.yaml']
[Activation] KUBERNETES_KUBESCAPE has been set inactive, as none of these files has been found: ['Chart.yml', 'Chart.yaml']
[Activation] REPOSITORY_LS_LINT has been set inactive, as none of these files has been found: ['.ls-lint.yml']
[SemgrepLinter] Deactivated because no ruleset has been defined
[Activation] SALESFORCE_SFDX_SCANNER_APEX has been set inactive, as subdirectory has not been found: force-app (set value "any" to always activate)
[Activation] SALESFORCE_SFDX_SCANNER_AURA has been set inactive, as subdirectory has not been found: force-app (set value "any" to always activate)
[Activation] SALESFORCE_SFDX_SCANNER_LWC has been set inactive, as subdirectory has not been found: force-app (set value "any" to always activate)
[Activation] SALESFORCE_LIGHTNING_FLOW_SCANNER has been set inactive, as subdirectory has not been found: force-app (set value "any" to always activate)
[Activation] SPELL_PROSELINT has been set inactive, as none of these files has been found: ['.proselintrc', 'proselint/config.json']
[Activation] SPELL_VALE has been set inactive, as none of these files has been found: ['.vale.ini']
[Activation] SQL_SQLFLUFF has been set inactive, as none of these files has been found: ['.sqlfluff']
[Activation] SWIFT_SWIFTLINT has been set inactive, as none of these files has been found: ['.swiftlint.yml']
[Activation] TSX_ESLINT has been set inactive, as none of these files has been found: ['.eslintrc.json', '.eslintrc.yml', '.eslintrc.yaml', '.eslintrc.js', '.eslintrc.cjs', 'package.json:eslintConfig']
[Activation] TYPESCRIPT_ES has been set inactive, as none of these files has been found: ['.eslintrc.json', '.eslintrc.yml', '.eslintrc.yaml', '.eslintrc.js', '.eslintrc.cjs', 'package.json:eslintConfig']
JSON_ESLINT_PLUGIN_JSONC has been disabled in MegaLinter for the following reason: Bug in eslint-plugin-jsonc: https://github.com/ota-meshi/eslint-plugin-jsonc/issues/328
MAKEFILE_CHECKMAKE has been disabled in MegaLinter for the following reason: Security issues: https://github.com/mrtazz/checkmake/issues/99
MARKDOWN_REMARK_LINT has been disabled in MegaLinter for the following reason: Bug in remark-lint: https://github.com/remarkjs/remark-lint/issues/322
Skipped linters: ANSIBLE_ANSIBLE_LINT, EDITORCONFIG_EDITORCONFIG_CHECKER, JAVASCRIPT_ES, JAVASCRIPT_PRETTIER, JSON_ESLINT_PLUGIN_JSONC, JSON_NPM_PACKAGE_JSON_LINT, JSX_ESLINT, KUBERNETES_HELM, KUBERNETES_KUBECONFORM, KUBERNETES_KUBESCAPE, MAKEFILE_CHECKMAKE, MARKDOWN_REMARK_LINT, PYTHON_RUFF_FORMAT, REPOSITORY_LS_LINT, REPOSITORY_SEMGREP, SALESFORCE_LIGHTNING_FLOW_SCANNER, SALESFORCE_SFDX_SCANNER_APEX, SALESFORCE_SFDX_SCANNER_AURA, SALESFORCE_SFDX_SCANNER_LWC, SPELL_PROSELINT, SPELL_VALE, SQL_SQLFLUFF, SWIFT_SWIFTLINT, TSX_ESLINT, TYPESCRIPT_ES, TYPESCRIPT_PRETTIER
[ApiReporter] Not enabled as API_REPORTER is not defined to true
::endgroup::
::group::MegaLinter now collects the files to analyse (expand for details)
Listing updated files in [/github/workspace] using git diff.
Modified files:
.github/workflows/megalinter.yml
.mega-linter.yml
megalinter-reports/linters_logs/SUCCESS-COPYPASTE_JSCPD.log
megalinter-reports/linters_logs/SUCCESS-JSON_JSONLINT.log
megalinter-reports/linters_logs/SUCCESS-JSON_PRETTIER.log
megalinter-reports/linters_logs/SUCCESS-JSON_V8R.log
megalinter-reports/linters_logs/SUCCESS-REPOSITORY_GITLEAKS.log
megalinter-reports/linters_logs/SUCCESS-REPOSITORY_GIT_DIFF.log
megalinter-reports/linters_logs/SUCCESS-REPOSITORY_GRYPE.log
megalinter-reports/linters_logs/SUCCESS-REPOSITORY_SECRETLINT.log
megalinter-reports/linters_logs/SUCCESS-REPOSITORY_SYFT.log
megalinter-reports/linters_logs/SUCCESS-REPOSITORY_TRIVY.log
megalinter-reports/linters_logs/SUCCESS-REPOSITORY_TRIVY_SBOM.log
megalinter-reports/linters_logs/SUCCESS-REPOSITORY_TRUFFLEHOG.log
megalinter-reports/linters_logs/SUCCESS-YAML_PRETTIER.log
megalinter-reports/linters_logs/SUCCESS-YAML_V8R.log
megalinter-reports/linters_logs/SUCCESS-YAML_YAMLLINT.log
megalinter-reports/mega-linter-report.json
megalinter-reports/megalinter.log
megalinter-reports/sbom/syft.txt
megalinter-reports/sbom/trivy.json
megalinter-reports/updated_sources/.mega-linter.yml
megalinter-reports/updated_sources/megalinter-reports/mega-linter-report.json
megalinter-reports/updated_sources/megalinter-reports/megalinter.log
megalinter-reports/updated_sources/megalinter-reports/sbom/trivy.json
- File extensions: , .R, .RMD, .Rmd, .bash, .bicep, .c, .c++, .cc, .cdxml, .clj, .cljc, .cljs, .coffee, .config, .cpp, .cs, .csproj, .css, .cu, .cuh, .cxx, .dart, .dash, .edn, .env, .feature, .go, .gradle, .graphql, .groovy, .gvy, .h, .h++, .hcl, .hh, .hpp, .htm, .html, .hxx, .java, .js, .json, .json5, .jsonc, .ksh, .kt, .kts, .lua, .markdown, .md, .mdx, .nf, .p6, .php, .pl, .pl6, .pm, .pm6, .pp, .props, .proto, .ps1, .ps1xml, .psd1, .psm1, .psrc, .pssc, .py, .r, .raku, .rakumod, .rakutest, .rb, .rs, .rst, .saas, .scala, .scss, .sh, .smk, .sql, .t, .targets, .tex, .tf, .ts, .txt, .vb, .xml, .xsd, .yaml, .yml
- File names (regex): Containerfile, Dockerfile, Jenkinsfile, Snakefile
- Excluding regex: (\.github/workflows)
- Excluding .gitignored files [0]: 
Kept [7] files on [25] found files
MegaLinter flavor [ci_light] doesn't contain linters REPOSITORY_CHECKOV,REPOSITORY_DEVSKIM,REPOSITORY_DUSTILOCK,REPOSITORY_KICS,SPELL_CSPELL,SPELL_LYCHEE.
As they're not available in this docker image, they will not be processed
To solve this problem, please either: 
- use default flavor oxsecurity/megalinter
- add ignored linters in DISABLE or DISABLE_LINTERS variables in your .mega-linter.yml config file located in your root directory
- ignore this message by setting config variable FLAVOR_SUGGESTIONS to false

+----MATCHING LINTERS-----+------------+----------------+------------+
| Descriptor | Linter     | Criteria   | Matching files | Format/Fix |
+------------+------------+------------+----------------+------------+
| COPYPASTE  | jscpd      |            | project        | yes        |
| JSON       | jsonlint   | .json      | 4              | yes        |
| JSON       | v8r        | .json      | 4              | yes        |
| JSON       | prettier   | .json      | 4              | yes        |
| REPOSITORY | git_diff   |            | project        | yes        |
| REPOSITORY | gitleaks   |            | project        | yes        |
| REPOSITORY | grype      |            | project        | yes        |
| REPOSITORY | secretlint |            | project        | yes        |
| REPOSITORY | syft       |            | project        | yes        |
| REPOSITORY | trivy      |            | project        | yes        |
| REPOSITORY | trivy-sbom |            | project        | yes        |
| REPOSITORY | trufflehog |            | project        | yes        |
| YAML       | prettier   | .yml|.yaml | 2              | yes        |
| YAML       | yamllint   | .yml|.yaml | 2              | yes        |
| YAML       | v8r        | .yml|.yaml | 2              | yes        |
+------------+------------+------------+----------------+------------+
::endgroup::
Processing linters on [4] parallel cores… (can be decreased with variable PARALLEL_PROCESS_NUMBER in case of performance issues)
::group::[32m✅ Linted [REPOSITORY] files with [git_diff] successfully - (0.36s)[0m (expand for details)
- Using [git_diff v2.47.2] https://megalinter.io/8.8.0/descriptors/repository_git_diff
- MegaLinter key: [REPOSITORY_GIT_DIFF]
- Rules config: identified by [git_diff]
- Command: [git diff --check]
::endgroup::
::group::[32m✅ Linted [JSON] files with [jsonlint] successfully - (0.38s)[0m (expand for details)
- Using [jsonlint v16.0.0] https://megalinter.io/8.8.0/descriptors/json_jsonlint
- MegaLinter key: [JSON_JSONLINT]
- Rules config: identified by [jsonlint]
- Number of files analyzed: [4]
- Command: [jsonlint --quiet megalinter-reports/mega-linter-report.json megalinter-reports/sbom/trivy.json megalinter-reports/updated_sources/megalinter-reports/mega-linter-report.json megalinter-reports/updated_sources/megalinter-reports/sbom/trivy.json]
::endgroup::
::group::[32m✅ Linted [YAML] files with [prettier] successfully - (0.39s)[0m (expand for details)
- Using [prettier v3.5.3] https://megalinter.io/8.8.0/descriptors/yaml_prettier
- MegaLinter key: [YAML_PRETTIER]
- Rules config: identified by [prettier]
- Number of files analyzed: [2]
- Command: [prettier --write .mega-linter.yml megalinter-reports/updated_sources/.mega-linter.yml]
::endgroup::
::group::[32m✅ Linted [REPOSITORY] files with [gitleaks] successfully - (0.11s)[0m (expand for details)
- Using [gitleaks v8.27.2] https://megalinter.io/8.8.0/descriptors/repository_gitleaks
- MegaLinter key: [REPOSITORY_GITLEAKS]
- Rules config: [.gitleaks.toml]
- Command: [gitleaks detect --redact -c /action/lib/.automation/.gitleaks.toml --verbose --source .]
::endgroup::
::group::[32m✅ Linted [YAML] files with [yamllint] successfully - (0.46s)[0m (expand for details)
- Using [yamllint v1.37.1] https://megalinter.io/8.8.0/descriptors/yaml_yamllint
- MegaLinter key: [YAML_YAMLLINT]
- Rules config: [.yamllint.yml]
- Number of files analyzed: [2]
- Command: [yamllint --format standard -c /action/lib/.automation/.yamllint.yml .mega-linter.yml megalinter-reports/updated_sources/.mega-linter.yml]
::endgroup::
::group::[32m✅ Linted [COPYPASTE] files with [jscpd] successfully - (0.92s)[0m (expand for details)
- Using [jscpd v4.0.5] https://megalinter.io/8.8.0/descriptors/copypaste_jscpd
- MegaLinter key: [COPYPASTE_JSCPD]
- Rules config: [.jscpd.json]
- Command: [jscpd --gitignore --reporters console,html --output /github/workspace/megalinter-reports/copy-paste/ -c /action/lib/.automation/.jscpd.json .]
::endgroup::
::group::[32m✅ Linted [JSON] files with [v8r] successfully - (2.31s)[0m (expand for details)
- Using [v8r v5.0.0] https://megalinter.io/8.8.0/descriptors/json_v8r
- MegaLinter key: [JSON_V8R]
- Rules config: identified by [v8r]
- Number of files analyzed: [4]
- Command: [v8r --ignore-errors megalinter-reports/mega-linter-report.json megalinter-reports/sbom/trivy.json megalinter-reports/updated_sources/megalinter-reports/mega-linter-report.json megalinter-reports/updated_sources/megalinter-reports/sbom/trivy.json]
::endgroup::
::group::[32m✅ Linted [JSON] files with [prettier] successfully - (0.49s)[0m (expand for details)
- Using [prettier v3.5.3] https://megalinter.io/8.8.0/descriptors/json_prettier
- MegaLinter key: [JSON_PRETTIER]
- Rules config: identified by [prettier]
- Number of files analyzed: [4]
- Command: [prettier --write megalinter-reports/mega-linter-report.json megalinter-reports/sbom/trivy.json megalinter-reports/updated_sources/megalinter-reports/mega-linter-report.json megalinter-reports/updated_sources/megalinter-reports/sbom/trivy.json]
::endgroup::
::group::[32m✅ Linted [YAML] files with [v8r] successfully - (4.94s)[0m (expand for details)
- Using [v8r v5.0.0] https://megalinter.io/8.8.0/descriptors/yaml_v8r
- MegaLinter key: [YAML_V8R]
- Rules config: identified by [v8r]
- Number of files analyzed: [2]
- Command: [v8r --ignore-errors .mega-linter.yml megalinter-reports/updated_sources/.mega-linter.yml]
::endgroup::
::group::[32m✅ Linted [REPOSITORY] files with [grype] successfully - (24.26s)[0m (expand for details)
- Using [grype v0.94.0] https://megalinter.io/8.8.0/descriptors/repository_grype
- MegaLinter key: [REPOSITORY_GRYPE]
- Rules config: [.grype.yaml]
- Command: [grype --config /action/lib/.automation/.grype.yaml dir:.]
::endgroup::
::group::[32m✅ Linted [REPOSITORY] files with [secretlint] successfully - (0.45s)[0m (expand for details)
- Using [secretlint v10.1.0] https://megalinter.io/8.8.0/descriptors/repository_secretlint
- MegaLinter key: [REPOSITORY_SECRETLINT]
- Rules config: [.secretlintrc.json]
- Command: [secretlint --secretlintrc /action/lib/.automation/.secretlintrc.json **/*]
::endgroup::
::group::[32m✅ Linted [REPOSITORY] files with [syft] successfully - (1.02s)[0m (expand for details)
- Using [syft v1.27.1] https://megalinter.io/8.8.0/descriptors/repository_syft
- MegaLinter key: [REPOSITORY_SYFT]
- Rules config: identified by [syft]
- Command: [syft scan .]
::endgroup::
::group::[32m✅ Linted [REPOSITORY] files with [trivy] successfully - (4.43s)[0m (expand for details)
- Using [trivy v0.63.0] https://megalinter.io/8.8.0/descriptors/repository_trivy
- MegaLinter key: [REPOSITORY_TRIVY]
- Rules config: identified by [trivy]
- Command: [trivy fs --scanners vuln,misconfig --exit-code 1 .]
::endgroup::
::group::[32m✅ Linted [REPOSITORY] files with [trivy-sbom] successfully - (0.09s)[0m (expand for details)
- Using [trivy-sbom v0.63.0] https://megalinter.io/8.8.0/descriptors/repository_trivy_sbom
- MegaLinter key: [REPOSITORY_TRIVY_SBOM]
- Rules config: identified by [trivy-sbom]
- Command: [trivy fs --format cyclonedx .]
::endgroup::
::group::[32m✅ Linted [REPOSITORY] files with [trufflehog] successfully - (2.14s)[0m (expand for details)
- Using [trufflehog v3.89.1] https://megalinter.io/8.8.0/descriptors/repository_trufflehog
- MegaLinter key: [REPOSITORY_TRUFFLEHOG]
- Rules config: identified by [trufflehog]
- Command: [trufflehog filesystem . --fail --only-verified --no-update --exclude-paths=/action/lib/.automation/.trufflehogignore]
::endgroup::
[GitHub Comment Reporter] Posted summary as comment on tkhom3/gha-workflows #PR51

+----SUMMARY----+------------+---------------+-------+-------+--------+----------+--------------+
| Descriptor    | Linter     | Mode          | Files | Fixed | Errors | Warnings | Elapsed time |
+---------------+------------+---------------+-------+-------+--------+----------+--------------+
| ✅ COPYPASTE  | jscpd      | project       |   n/a |       |      0 |        0 | 0.92s        |
| ✅ JSON       | jsonlint   | list_of_files |     4 |       |      0 |        0 | 0.38s        |
| ✅ JSON       | prettier   | list_of_files |     4 |     4 |      0 |        0 | 0.49s        |
| ✅ JSON       | v8r        | list_of_files |     4 |       |      0 |        0 | 2.31s        |
| ✅ REPOSITORY | gitleaks   | project       |   n/a |       |      0 |        0 | 0.11s        |
| ✅ REPOSITORY | git_diff   | project       |   n/a |       |      0 |        0 | 0.36s        |
| ✅ REPOSITORY | grype      | project       |   n/a |       |      0 |        0 | 24.26s       |
| ✅ REPOSITORY | secretlint | project       |   n/a |       |      0 |        0 | 0.45s        |
| ✅ REPOSITORY | syft       | project       |   n/a |       |      0 |        0 | 1.02s        |
| ✅ REPOSITORY | trivy      | project       |   n/a |       |      0 |        0 | 4.43s        |
| ✅ REPOSITORY | trivy-sbom | project       |   n/a |       |      0 |        0 | 0.09s        |
| ✅ REPOSITORY | trufflehog | project       |   n/a |       |      0 |        0 | 2.14s        |
| ✅ YAML       | prettier   | list_of_files |     2 |     0 |      0 |        0 | 0.39s        |
| ✅ YAML       | v8r        | list_of_files |     2 |       |      0 |        0 | 4.94s        |
| ✅ YAML       | yamllint   | list_of_files |     2 |       |      0 |        0 | 0.46s        |
+---------------+------------+---------------+-------+-------+--------+----------+--------------+

[JSON Reporter] Generated JSON report: /github/workspace/megalinter-reports/mega-linter-report.json
[Updated Sources Reporter] copied 5 fixed source files in folder /github/workspace/megalinter-reports/updated_sources.
[32m✅ Successfully linted all files without errors[0m
